Mono path[0] = 'D:/SteamLibrary/steamapps/common/Timberborn/Timberborn_Data/Managed'
Mono config path = 'D:/SteamLibrary/steamapps/common/Timberborn/MonoBleedingEdge/etc'
Input System module state changed to: Initialized.
[Physics::Module] Initialized fallback backend.
[Physics::Module] Id: 0xdecafbad
Initialize engine version: 6000.1.4f1 (03270eb687c6)
[Subsystems] Discovering subsystems at path D:/SteamLibrary/steamapps/common/Timberborn/Timberborn_Data/UnitySubsystems
kGfxThreadingModeSplitJobs is not supported on Direct3D 11. Reverting to kGfxThreadingModeClientWorkerJobs instead.
GfxDevice: creating device client; kGfxThreadingModeClientWorkerJobs
Direct3D:
    Version:  Direct3D 11.0 [level 11.1]
    Renderer: NVIDIA GeForce RTX 4070 (ID=0x2786)
    Vendor:   NVIDIA
    VRAM:     12012 MB
    Driver:   32.0.15.7652
Begin MonoManager ReloadAssembly
- Loaded All Assemblies, in  0.520 seconds
- Finished resetting the current domain, in  0.002 seconds
[Physics::Module] Selected backend.
[Physics::Module] Name: PhysX
[Physics::Module] Id: 0xf2b8ea05
[Physics::Module] SDK Version: 4.1.2
[Physics::Module] Integration Version: 1.0.0
[Physics::Module] Threading Mode: Multi-Threaded
ERROR: Shader Hidden/Universal Render Pipeline/DBufferClear shader is not supported on this GPU (none of subshaders/fallbacks are suitable)
<RI> Initializing input.
Using Windows.Gaming.Input
<RI> Initialized touch support.
UnloadTime: 0.399300 ms
Starting game version 0.7.10.4-797c8f3-sw
System info:
  System: Windows 11  (10.0.26100) 64bit
  CPU: 11th Gen Intel(R) Core(TM) i7-11700KF @ 3.60GHz
  CPU manufacturer: GenuineIntel
  CPU model: 11th Gen Intel(R) Core(TM) i7-11700KF @ 3.60GHz
  CPU count: 16
  CPU frequency: 3600
  GPU: NVIDIA GeForce RTX 4070
  GPU memory: 12012MB
  RAM: 16221MB
MachineId: 0679ba3e-13eb-4019-9ab9-5e7e99ab9e6a
Successfully connected to the Steam client.
RenderGraph is now enabled.
Successfully connected to the Steam client.
Unloading 6 Unused Serialized files (Serialized files now loaded: 0)
UnloadTime: 6.926100 ms
Unloading 5 unused Assets to reduce memory usage. Loaded Objects now: 5877.
Total: 6.174900 ms (FindLiveObjects: 0.219600 ms CreateObjectMapping: 0.169600 ms MarkObjects: 5.719800 ms  DeleteObjects: 0.065400 ms)

Successfully connected to the Steam client.
Previous resolution: 2560 x 1440
New resolution 2560 x 1440
Display resolution: 2560 x 1440
Full screen: True
Graphics quality: High
Resolution scale: 1
Anti-aliasing: True
VSync count: 1
Frame rate limit: 
Unloading 5 Unused Serialized files (Serialized files now loaded: 0)
UnloadTime: 3.301400 ms
Unloading 104 unused Assets to reduce memory usage. Loaded Objects now: 6933.
Total: 13.657500 ms (FindLiveObjects: 0.274500 ms CreateObjectMapping: 0.242200 ms MarkObjects: 13.090400 ms  DeleteObjects: 0.049900 ms)

Unloading 0 Unused Serialized files (Serialized files now loaded: 0)
Unloading 0 unused Assets to reduce memory usage. Loaded Objects now: 6933.
Total: 13.798400 ms (FindLiveObjects: 0.183000 ms CreateObjectMapping: 0.193500 ms MarkObjects: 13.410800 ms  DeleteObjects: 0.010600 ms)

Starting new game at 2025-07-31 22:12:01Z:
FactionId: Folktails, MapFileReference: Name: Lakes, Path: , Resource: True, NewGameMode: StartingAdults: 8
AdultAgeProgress: Min: 0.1, Max: 0.7
StartingChildren: 4
ChildAgeProgress: Min: 0.1, Max: 0.8
FoodConsumption: 1
WaterConsumption: 1
StartingFood: 130
StartingWater: 0
TemperateWeatherDuration: Min: 13, Max: 17
DroughtDuration: Min: 5, Max: 9
DroughtDurationHandicapMultiplier: 0.38
DroughtDurationHandicapCycles: 5
CyclesBeforeRandomizingBadtide: 4
ChanceForBadtide: 0.4
BadtideDuration: Min: 4, Max: 8
BadtideDurationHandicapMultiplier: 0.15
BadtideDurationHandicapCycles: 5
InjuryChance: 1
DemolishableRecoveryRate: 0.75
Number of threads: 7
Load time: 26528ms (scene index: 2)
Application focus lost at 2025-07-31 22:12:27Z
Application focus gained at 2025-07-31 22:12:28Z
Initialized SettlementName to ss
Saving game to ss - 2025-07-31 22h12m, Day 1-1.autosave at 2025-07-31 22:12:40Z
